# JRE version: OpenJDK Runtime Environment Temurin-21.0.8+9 (21.0.8+9) (build 21.0.8+9-LTS)
# Java VM: OpenJDK 64-Bit Server VM Temurin-21.0.8+9 (21.0.8+9-LTS, mixed mode, sharing, tiered, compressed oops, compressed class ptrs, parallel gc, windows-amd64)
GC Precious Log:
 CardTable entry size: 512
 CPUs: 12 total, 12 available
 Memory: 16052M
 Large Page Support: Disabled
 NUMA Support: Disabled
 Compressed Oops: Enabled (32-bit)
 Alignments: Space 512K, Generation 512K, Heap 2M
 Heap Min Capacity: 100M
 Heap Initial Capacity: 100M
 Heap Max Capacity: 2G
 Pre-touch: Disabled
 Parallel Workers: 10
Heap:
 PSYoungGen      total 3584K, used 3360K [0x00000000d5580000, 0x00000000d5a00000, 0x0000000100000000)
  eden space 3072K, 100% used [0x00000000d5580000,0x00000000d5880000,0x00000000d5880000)
  from space 512K, 56% used [0x00000000d5900000,0x00000000d5948000,0x00000000d5980000)
  to   space 512K, 0% used [0x00000000d5980000,0x00000000d5980000,0x00000000d5a00000)
 ParOldGen       total 592384K, used 592205K [0x0000000080000000, 0x00000000a4280000, 0x00000000d5580000)
  object space 592384K, 99% used [0x0000000080000000,0x00000000a4253708,0x00000000a4280000)
 Metaspace       used 70281K, committed 71744K, reserved 1114112K
  class space    used 7543K, committed 8192K, reserved 1048576K
GC Heap History (20 events):
Event: 37.234 GC heap after
{Heap after GC invocations=636 (full 3):
 PSYoungGen      total 4096K, used 832K [0x00000000d5580000, 0x00000000d5a80000, 0x0000000100000000)
  eden space 2560K, 0% used [0x00000000d5580000,0x00000000d5580000,0x00000000d5800000)
  from space 1536K, 54% used [0x00000000d5800000,0x00000000d58d0000,0x00000000d5980000)
  to   space 1024K, 0% used [0x00000000d5980000,0x00000000d5980000,0x00000000d5a80000)
 ParOldGen       total 583168K, used 582802K [0x0000000080000000, 0x00000000a3980000, 0x00000000d5580000)
  object space 583168K, 99% used [0x0000000080000000,0x00000000a3924a18,0x00000000a3980000)
 Metaspace       used 70103K, committed 71552K, reserved 1114112K
  class space    used 7528K, committed 8192K, reserved 1048576K
}
Event: 37.258 GC heap before
{Heap before GC invocations=637 (full 3):
 PSYoungGen      total 4096K, used 3391K [0x00000000d5580000, 0x00000000d5a80000, 0x0000000100000000)
  eden space 2560K, 99% used [0x00000000d5580000,0x00000000d57fffd0,0x00000000d5800000)
  from space 1536K, 54% used [0x00000000d5800000,0x00000000d58d0000,0x00000000d5980000)
  to   space 1024K, 0% used [0x00000000d5980000,0x00000000d5980000,0x00000000d5a80000)
 ParOldGen       total 583168K, used 582802K [0x0000000080000000, 0x00000000a3980000, 0x00000000d5580000)
  object space 583168K, 99% used [0x0000000080000000,0x00000000a3924a18,0x00000000a3980000)
 Metaspace       used 70103K, committed 71552K, reserved 1114112K
  class space    used 7528K, committed 8192K, reserved 1048576K
}
Event: 37.260 GC heap after
{Heap after GC invocations=637 (full 3):
 PSYoungGen      total 3584K, used 896K [0x00000000d5580000, 0x00000000d5a80000, 0x0000000100000000)
  eden space 2560K, 0% used [0x00000000d5580000,0x00000000d5580000,0x00000000d5800000)
  from space 1024K, 87% used [0x00000000d5980000,0x00000000d5a60000,0x00000000d5a80000)
  to   space 1024K, 0% used [0x00000000d5880000,0x00000000d5880000,0x00000000d5980000)
 ParOldGen       total 583680K, used 583553K [0x0000000080000000, 0x00000000a3a00000, 0x00000000d5580000)
  object space 583680K, 99% used [0x0000000080000000,0x00000000a39e0488,0x00000000a3a00000)
 Metaspace       used 70103K, committed 71552K, reserved 1114112K
  class space    used 7528K, committed 8192K, reserved 1048576K
}
Event: 37.285 GC heap before
{Heap before GC invocations=638 (full 3):
 PSYoungGen      total 3584K, used 3456K [0x00000000d5580000, 0x00000000d5a80000, 0x0000000100000000)
  eden space 2560K, 100% used [0x00000000d5580000,0x00000000d5800000,0x00000000d5800000)
  from space 1024K, 87% used [0x00000000d5980000,0x00000000d5a60000,0x00000000d5a80000)
  to   space 1024K, 0% used [0x00000000d5880000,0x00000000d5880000,0x00000000d5980000)
 ParOldGen       total 583680K, used 583553K [0x0000000080000000, 0x00000000a3a00000, 0x00000000d5580000)
  object space 583680K, 99% used [0x0000000080000000,0x00000000a39e0488,0x00000000a3a00000)
 Metaspace       used 70103K, committed 71552K, reserved 1114112K
  class space    used 7528K, committed 8192K, reserved 1048576K
}
Event: 37.287 GC heap after
{Heap after GC invocations=638 (full 3):
 PSYoungGen      total 3584K, used 1024K [0x00000000d5580000, 0x00000000d5c00000, 0x0000000100000000)
  eden space 2560K, 0% used [0x00000000d5580000,0x00000000d5580000,0x00000000d5800000)
  from space 1024K, 100% used [0x00000000d5880000,0x00000000d5980000,0x00000000d5980000)
  to   space 2048K, 0% used [0x00000000d5a00000,0x00000000d5a00000,0x00000000d5c00000)
 ParOldGen       total 584704K, used 584310K [0x0000000080000000, 0x00000000a3b00000, 0x00000000d5580000)
  object space 584704K, 99% used [0x0000000080000000,0x00000000a3a9daa0,0x00000000a3b00000)
 Metaspace       used 70103K, committed 71552K, reserved 1114112K
  class space    used 7528K, committed 8192K, reserved 1048576K
}
Event: 37.305 GC heap before
{Heap before GC invocations=639 (full 3):
 PSYoungGen      total 3584K, used 3584K [0x00000000d5580000, 0x00000000d5c00000, 0x0000000100000000)
  eden space 2560K, 100% used [0x00000000d5580000,0x00000000d5800000,0x00000000d5800000)
  from space 1024K, 100% used [0x00000000d5880000,0x00000000d5980000,0x00000000d5980000)
  to   space 2048K, 0% used [0x00000000d5a00000,0x00000000d5a00000,0x00000000d5c00000)
 ParOldGen       total 584704K, used 584310K [0x0000000080000000, 0x00000000a3b00000, 0x00000000d5580000)
  object space 584704K, 99% used [0x0000000080000000,0x00000000a3a9daa0,0x00000000a3b00000)
 Metaspace       used 70103K, committed 71552K, reserved 1114112K
  class space    used 7528K, committed 8192K, reserved 1048576K
}
Event: 37.307 GC heap after
{Heap after GC invocations=639 (full 3):
 PSYoungGen      total 3584K, used 896K [0x00000000d5580000, 0x00000000d5b00000, 0x0000000100000000)
  eden space 2560K, 0% used [0x00000000d5580000,0x00000000d5580000,0x00000000d5800000)
  from space 1024K, 87% used [0x00000000d5a00000,0x00000000d5ae0000,0x00000000d5b00000)
  to   space 1536K, 0% used [0x00000000d5800000,0x00000000d5800000,0x00000000d5980000)
 ParOldGen       total 585216K, used 585088K [0x0000000080000000, 0x00000000a3b80000, 0x00000000d5580000)
  object space 585216K, 99% used [0x0000000080000000,0x00000000a3b600c0,0x00000000a3b80000)
 Metaspace       used 70103K, committed 71552K, reserved 1114112K
  class space    used 7528K, committed 8192K, reserved 1048576K
}
Event: 37.330 GC heap before
{Heap before GC invocations=640 (full 3):
 PSYoungGen      total 3584K, used 3456K [0x00000000d5580000, 0x00000000d5b00000, 0x0000000100000000)
  eden space 2560K, 100% used [0x00000000d5580000,0x00000000d5800000,0x00000000d5800000)
  from space 1024K, 87% used [0x00000000d5a00000,0x00000000d5ae0000,0x00000000d5b00000)
  to   space 1536K, 0% used [0x00000000d5800000,0x00000000d5800000,0x00000000d5980000)
 ParOldGen       total 585216K, used 585088K [0x0000000080000000, 0x00000000a3b80000, 0x00000000d5580000)
  object space 585216K, 99% used [0x0000000080000000,0x00000000a3b600c0,0x00000000a3b80000)
 Metaspace       used 70103K, committed 71552K, reserved 1114112K
  class space    used 7528K, committed 8192K, reserved 1048576K
}
Event: 37.332 GC heap after
{Heap after GC invocations=640 (full 3):
 PSYoungGen      total 4096K, used 864K [0x00000000d5580000, 0x00000000d5a80000, 0x0000000100000000)
  eden space 2560K, 0% used [0x00000000d5580000,0x00000000d5580000,0x00000000d5800000)
  from space 1536K, 56% used [0x00000000d5800000,0x00000000d58d8000,0x00000000d5980000)
  to   space 1024K, 0% used [0x00000000d5980000,0x00000000d5980000,0x00000000d5a80000)
 ParOldGen       total 586240K, used 585891K [0x0000000080000000, 0x00000000a3c80000, 0x00000000d5580000)
  object space 586240K, 99% used [0x0000000080000000,0x00000000a3c28d10,0x00000000a3c80000)
 Metaspace       used 70103K, committed 71552K, reserved 1114112K
  class space    used 7528K, committed 8192K, reserved 1048576K
}
Event: 37.353 GC heap before
{Heap before GC invocations=641 (full 3):
 PSYoungGen      total 4096K, used 3424K [0x00000000d5580000, 0x00000000d5a80000, 0x0000000100000000)
  eden space 2560K, 100% used [0x00000000d5580000,0x00000000d5800000,0x00000000d5800000)
  from space 1536K, 56% used [0x00000000d5800000,0x00000000d58d8000,0x00000000d5980000)
  to   space 1024K, 0% used [0x00000000d5980000,0x00000000d5980000,0x00000000d5a80000)
 ParOldGen       total 586240K, used 585891K [0x0000000080000000, 0x00000000a3c80000, 0x00000000d5580000)
  object space 586240K, 99% used [0x0000000080000000,0x00000000a3c28d10,0x00000000a3c80000)
 Metaspace       used 70104K, committed 71552K, reserved 1114112K
  class space    used 7528K, committed 8192K, reserved 1048576K
}
Event: 37.355 GC heap after
{Heap after GC invocations=641 (full 3):
 PSYoungGen      total 3584K, used 864K [0x00000000d5580000, 0x00000000d5a80000, 0x0000000100000000)
  eden space 2560K, 0% used [0x00000000d5580000,0x00000000d5580000,0x00000000d5800000)
  from space 1024K, 84% used [0x00000000d5980000,0x00000000d5a58000,0x00000000d5a80000)
  to   space 1024K, 0% used [0x00000000d5880000,0x00000000d5880000,0x00000000d5980000)
 ParOldGen       total 586752K, used 586548K [0x0000000080000000, 0x00000000a3d00000, 0x00000000d5580000)
  object space 586752K, 99% used [0x0000000080000000,0x00000000a3ccd040,0x00000000a3d00000)
 Metaspace       used 70104K, committed 71552K, reserved 1114112K
  class space    used 7528K, committed 8192K, reserved 1048576K
}
Event: 37.360 GC heap before
{Heap before GC invocations=642 (full 3):
 PSYoungGen      total 3584K, used 3422K [0x00000000d5580000, 0x00000000d5a80000, 0x0000000100000000)
  eden space 2560K, 99% used [0x00000000d5580000,0x00000000d57ffbb8,0x00000000d5800000)
  from space 1024K, 84% used [0x00000000d5980000,0x00000000d5a58000,0x00000000d5a80000)
  to   space 1024K, 0% used [0x00000000d5880000,0x00000000d5880000,0x00000000d5980000)
 ParOldGen       total 586752K, used 586548K [0x0000000080000000, 0x00000000a3d00000, 0x00000000d5580000)
  object space 586752K, 99% used [0x0000000080000000,0x00000000a3ccd040,0x00000000a3d00000)
 Metaspace       used 70104K, committed 71552K, reserved 1114112K
  class space    used 7528K, committed 8192K, reserved 1048576K
}
Event: 37.362 GC heap after
{Heap after GC invocations=642 (full 3):
 PSYoungGen      total 3584K, used 1010K [0x00000000d5580000, 0x00000000d5e00000, 0x0000000100000000)
  eden space 2560K, 0% used [0x00000000d5580000,0x00000000d5580000,0x00000000d5800000)
  from space 1024K, 98% used [0x00000000d5880000,0x00000000d597cac8,0x00000000d5980000)
  to   space 3072K, 0% used [0x00000000d5b00000,0x00000000d5b00000,0x00000000d5e00000)
 ParOldGen       total 588288K, used 587973K [0x0000000080000000, 0x00000000a3e80000, 0x00000000d5580000)
  object space 588288K, 99% used [0x0000000080000000,0x00000000a3e31518,0x00000000a3e80000)
 Metaspace       used 70104K, committed 71552K, reserved 1114112K
  class space    used 7528K, committed 8192K, reserved 1048576K
}
Event: 37.387 GC heap before
{Heap before GC invocations=643 (full 3):
 PSYoungGen      total 3584K, used 3570K [0x00000000d5580000, 0x00000000d5e00000, 0x0000000100000000)
  eden space 2560K, 100% used [0x00000000d5580000,0x00000000d5800000,0x00000000d5800000)
  from space 1024K, 98% used [0x00000000d5880000,0x00000000d597cac8,0x00000000d5980000)
  to   space 3072K, 0% used [0x00000000d5b00000,0x00000000d5b00000,0x00000000d5e00000)
 ParOldGen       total 588288K, used 587973K [0x0000000080000000, 0x00000000a3e80000, 0x00000000d5580000)
  object space 588288K, 99% used [0x0000000080000000,0x00000000a3e31518,0x00000000a3e80000)
 Metaspace       used 70104K, committed 71552K, reserved 1114112K
  class space    used 7528K, committed 8192K, reserved 1048576K
}
Event: 37.389 GC heap after
{Heap after GC invocations=643 (full 3):
 PSYoungGen      total 4096K, used 1174K [0x00000000d5580000, 0x00000000d5c80000, 0x0000000100000000)
  eden space 2560K, 0% used [0x00000000d5580000,0x00000000d5580000,0x00000000d5800000)
  from space 1536K, 76% used [0x00000000d5b00000,0x00000000d5c259a8,0x00000000d5c80000)
  to   space 2048K, 0% used [0x00000000d5880000,0x00000000d5880000,0x00000000d5a80000)
 ParOldGen       total 589312K, used 589031K [0x0000000080000000, 0x00000000a3f80000, 0x00000000d5580000)
  object space 589312K, 99% used [0x0000000080000000,0x00000000a3f39fe0,0x00000000a3f80000)
 Metaspace       used 70104K, committed 71552K, reserved 1114112K
  class space    used 7528K, committed 8192K, reserved 1048576K
}
Event: 37.407 GC heap before
{Heap before GC invocations=644 (full 3):
 PSYoungGen      total 4096K, used 3734K [0x00000000d5580000, 0x00000000d5c80000, 0x0000000100000000)
  eden space 2560K, 100% used [0x00000000d5580000,0x00000000d5800000,0x00000000d5800000)
  from space 1536K, 76% used [0x00000000d5b00000,0x00000000d5c259a8,0x00000000d5c80000)
  to   space 2048K, 0% used [0x00000000d5880000,0x00000000d5880000,0x00000000d5a80000)
 ParOldGen       total 589312K, used 589031K [0x0000000080000000, 0x00000000a3f80000, 0x00000000d5580000)
  object space 589312K, 99% used [0x0000000080000000,0x00000000a3f39fe0,0x00000000a3f80000)
 Metaspace       used 70104K, committed 71552K, reserved 1114112K
  class space    used 7528K, committed 8192K, reserved 1048576K
}
Event: 37.409 GC heap after
{Heap after GC invocations=644 (full 3):
 PSYoungGen      total 4096K, used 1106K [0x00000000d5580000, 0x00000000d5b80000, 0x0000000100000000)
  eden space 2560K, 0% used [0x00000000d5580000,0x00000000d5580000,0x00000000d5800000)
  from space 1536K, 72% used [0x00000000d5880000,0x00000000d5994808,0x00000000d5a00000)
  to   space 1536K, 0% used [0x00000000d5a00000,0x00000000d5a00000,0x00000000d5b80000)
 ParOldGen       total 590336K, used 590076K [0x0000000080000000, 0x00000000a4080000, 0x00000000d5580000)
  object space 590336K, 99% used [0x0000000080000000,0x00000000a403f398,0x00000000a4080000)
 Metaspace       used 70104K, committed 71552K, reserved 1114112K
  class space    used 7528K, committed 8192K, reserved 1048576K
}
Event: 37.459 GC heap before
{Heap before GC invocations=645 (full 3):
 PSYoungGen      total 4096K, used 3666K [0x00000000d5580000, 0x00000000d5b80000, 0x0000000100000000)
  eden space 2560K, 100% used [0x00000000d5580000,0x00000000d5800000,0x00000000d5800000)
  from space 1536K, 72% used [0x00000000d5880000,0x00000000d5994808,0x00000000d5a00000)
  to   space 1536K, 0% used [0x00000000d5a00000,0x00000000d5a00000,0x00000000d5b80000)
 ParOldGen       total 590336K, used 590076K [0x0000000080000000, 0x00000000a4080000, 0x00000000d5580000)
  object space 590336K, 99% used [0x0000000080000000,0x00000000a403f398,0x00000000a4080000)
 Metaspace       used 70274K, committed 71744K, reserved 1114112K
  class space    used 7543K, committed 8192K, reserved 1048576K
}
Event: 37.461 GC heap after
{Heap after GC invocations=645 (full 3):
 PSYoungGen      total 3584K, used 736K [0x00000000d5580000, 0x00000000d5b00000, 0x0000000100000000)
  eden space 2560K, 0% used [0x00000000d5580000,0x00000000d5580000,0x00000000d5800000)
  from space 1024K, 71% used [0x00000000d5a00000,0x00000000d5ab8000,0x00000000d5b00000)
  to   space 1024K, 0% used [0x00000000d5900000,0x00000000d5900000,0x00000000d5a00000)
 ParOldGen       total 590848K, used 590794K [0x0000000080000000, 0x00000000a4100000, 0x00000000d5580000)
  object space 590848K, 99% used [0x0000000080000000,0x00000000a40f2b68,0x00000000a4100000)
 Metaspace       used 70274K, committed 71744K, reserved 1114112K
  class space    used 7543K, committed 8192K, reserved 1048576K
}
Event: 37.469 GC heap before
{Heap before GC invocations=646 (full 3):
 PSYoungGen      total 3584K, used 3296K [0x00000000d5580000, 0x00000000d5b00000, 0x0000000100000000)
  eden space 2560K, 100% used [0x00000000d5580000,0x00000000d5800000,0x00000000d5800000)
  from space 1024K, 71% used [0x00000000d5a00000,0x00000000d5ab8000,0x00000000d5b00000)
  to   space 1024K, 0% used [0x00000000d5900000,0x00000000d5900000,0x00000000d5a00000)
 ParOldGen       total 590848K, used 590794K [0x0000000080000000, 0x00000000a4100000, 0x00000000d5580000)
  object space 590848K, 99% used [0x0000000080000000,0x00000000a40f2b68,0x00000000a4100000)
 Metaspace       used 70280K, committed 71744K, reserved 1114112K
  class space    used 7543K, committed 8192K, reserved 1048576K
}

