# JRE version: OpenJDK Runtime Environment Temurin-21.0.8+9 (21.0.8+9) (build 21.0.8+9-LTS)
# Java VM: OpenJDK 64-Bit Server VM Temurin-21.0.8+9 (21.0.8+9-LTS, mixed mode, sharing, tiered, compressed oops, compressed class ptrs, parallel gc, windows-amd64)
GC Precious Log:
 CardTable entry size: 512
 CPUs: 12 total, 12 available
 Memory: 16052M
 Large Page Support: Disabled
 NUMA Support: Disabled
 Compressed Oops: Enabled (32-bit)
 Alignments: Space 512K, Generation 512K, Heap 2M
 Heap Min Capacity: 100M
 Heap Initial Capacity: 100M
 Heap Max Capacity: 2G
 Pre-touch: Disabled
 Parallel Workers: 10
Heap:
 PSYoungGen      total 5120K, used 4205K [0x00000000d5580000, 0x00000000d5b80000, 0x0000000100000000)
  eden space 4096K, 97% used [0x00000000d5580000,0x00000000d5963530,0x00000000d5980000)
  from space 1024K, 21% used [0x00000000d5980000,0x00000000d59b8000,0x00000000d5a80000)
  to   space 512K, 0% used [0x00000000d5b00000,0x00000000d5b00000,0x00000000d5b80000)
 ParOldGen       total 416256K, used 416094K [0x0000000080000000, 0x0000000099680000, 0x00000000d5580000)
  object space 416256K, 99% used [0x0000000080000000,0x0000000099657840,0x0000000099680000)
 Metaspace       used 62674K, committed 64128K, reserved 1114112K
  class space    used 6708K, committed 7360K, reserved 1048576K
GC Heap History (20 events):
Event: 22.015 GC heap before
{Heap before GC invocations=1362 (full 4):
 PSYoungGen      total 3584K, used 3194K [0x00000000d5580000, 0x00000000d5d80000, 0x0000000100000000)
  eden space 1536K, 100% used [0x00000000d5580000,0x00000000d5700000,0x00000000d5700000)
  from space 2048K, 80% used [0x00000000d5700000,0x00000000d589ead0,0x00000000d5900000)
  to   space 3072K, 0% used [0x00000000d5a80000,0x00000000d5a80000,0x00000000d5d80000)
 ParOldGen       total 406528K, used 406289K [0x0000000080000000, 0x0000000098d00000, 0x00000000d5580000)
  object space 406528K, 99% used [0x0000000080000000,0x0000000098cc4538,0x0000000098d00000)
 Metaspace       used 62462K, committed 63936K, reserved 1114112K
  class space    used 6694K, committed 7360K, reserved 1048576K
}
Event: 22.018 GC heap after
{Heap after GC invocations=1362 (full 4):
 PSYoungGen      total 4096K, used 1677K [0x00000000d5580000, 0x00000000d5c80000, 0x0000000100000000)
  eden space 2048K, 0% used [0x00000000d5580000,0x00000000d5580000,0x00000000d5780000)
  from space 2048K, 81% used [0x00000000d5a80000,0x00000000d5c23510,0x00000000d5c80000)
  to   space 2048K, 0% used [0x00000000d5880000,0x00000000d5880000,0x00000000d5a80000)
 ParOldGen       total 408064K, used 407856K [0x0000000080000000, 0x0000000098e80000, 0x00000000d5580000)
  object space 408064K, 99% used [0x0000000080000000,0x0000000098e4c288,0x0000000098e80000)
 Metaspace       used 62462K, committed 63936K, reserved 1114112K
  class space    used 6694K, committed 7360K, reserved 1048576K
}
Event: 22.021 GC heap before
{Heap before GC invocations=1363 (full 4):
 PSYoungGen      total 4096K, used 3654K [0x00000000d5580000, 0x00000000d5c80000, 0x0000000100000000)
  eden space 2048K, 96% used [0x00000000d5580000,0x00000000d576e560,0x00000000d5780000)
  from space 2048K, 81% used [0x00000000d5a80000,0x00000000d5c23510,0x00000000d5c80000)
  to   space 2048K, 0% used [0x00000000d5880000,0x00000000d5880000,0x00000000d5a80000)
 ParOldGen       total 408064K, used 407856K [0x0000000080000000, 0x0000000098e80000, 0x00000000d5580000)
  object space 408064K, 99% used [0x0000000080000000,0x0000000098e4c288,0x0000000098e80000)
 Metaspace       used 62462K, committed 63936K, reserved 1114112K
  class space    used 6694K, committed 7360K, reserved 1048576K
}
Event: 22.023 GC heap after
{Heap after GC invocations=1363 (full 4):
 PSYoungGen      total 4096K, used 1202K [0x00000000d5580000, 0x00000000d5b00000, 0x0000000100000000)
  eden space 2560K, 0% used [0x00000000d5580000,0x00000000d5580000,0x00000000d5800000)
  from space 1536K, 78% used [0x00000000d5880000,0x00000000d59ac8a8,0x00000000d5a00000)
  to   space 1024K, 0% used [0x00000000d5a00000,0x00000000d5a00000,0x00000000d5b00000)
 ParOldGen       total 408064K, used 407920K [0x0000000080000000, 0x0000000098e80000, 0x00000000d5580000)
  object space 408064K, 99% used [0x0000000080000000,0x0000000098e5c2a8,0x0000000098e80000)
 Metaspace       used 62462K, committed 63936K, reserved 1114112K
  class space    used 6694K, committed 7360K, reserved 1048576K
}
Event: 22.029 GC heap before
{Heap before GC invocations=1364 (full 4):
 PSYoungGen      total 4096K, used 3762K [0x00000000d5580000, 0x00000000d5b00000, 0x0000000100000000)
  eden space 2560K, 100% used [0x00000000d5580000,0x00000000d5800000,0x00000000d5800000)
  from space 1536K, 78% used [0x00000000d5880000,0x00000000d59ac8a8,0x00000000d5a00000)
  to   space 1024K, 0% used [0x00000000d5a00000,0x00000000d5a00000,0x00000000d5b00000)
 ParOldGen       total 408064K, used 407920K [0x0000000080000000, 0x0000000098e80000, 0x00000000d5580000)
  object space 408064K, 99% used [0x0000000080000000,0x0000000098e5c2a8,0x0000000098e80000)
 Metaspace       used 62462K, committed 63936K, reserved 1114112K
  class space    used 6694K, committed 7360K, reserved 1048576K
}
Event: 22.032 GC heap after
{Heap after GC invocations=1364 (full 4):
 PSYoungGen      total 3584K, used 1020K [0x00000000d5580000, 0x00000000d5b00000, 0x0000000100000000)
  eden space 2560K, 0% used [0x00000000d5580000,0x00000000d5580000,0x00000000d5800000)
  from space 1024K, 99% used [0x00000000d5a00000,0x00000000d5aff308,0x00000000d5b00000)
  to   space 1536K, 0% used [0x00000000d5880000,0x00000000d5880000,0x00000000d5a00000)
 ParOldGen       total 411136K, used 410634K [0x0000000080000000, 0x0000000099180000, 0x00000000d5580000)
  object space 411136K, 99% used [0x0000000080000000,0x0000000099102b50,0x0000000099180000)
 Metaspace       used 62462K, committed 63936K, reserved 1114112K
  class space    used 6694K, committed 7360K, reserved 1048576K
}
Event: 22.037 GC heap before
{Heap before GC invocations=1365 (full 4):
 PSYoungGen      total 3584K, used 3298K [0x00000000d5580000, 0x00000000d5b00000, 0x0000000100000000)
  eden space 2560K, 88% used [0x00000000d5580000,0x00000000d57b98e8,0x00000000d5800000)
  from space 1024K, 99% used [0x00000000d5a00000,0x00000000d5aff308,0x00000000d5b00000)
  to   space 1536K, 0% used [0x00000000d5880000,0x00000000d5880000,0x00000000d5a00000)
 ParOldGen       total 411136K, used 410634K [0x0000000080000000, 0x0000000099180000, 0x00000000d5580000)
  object space 411136K, 99% used [0x0000000080000000,0x0000000099102b50,0x0000000099180000)
 Metaspace       used 62462K, committed 63936K, reserved 1114112K
  class space    used 6694K, committed 7360K, reserved 1048576K
}
Event: 22.040 GC heap after
{Heap after GC invocations=1365 (full 4):
 PSYoungGen      total 4096K, used 1527K [0x00000000d5580000, 0x00000000d5b00000, 0x0000000100000000)
  eden space 2560K, 0% used [0x00000000d5580000,0x00000000d5580000,0x00000000d5800000)
  from space 1536K, 99% used [0x00000000d5880000,0x00000000d59fde10,0x00000000d5a00000)
  to   space 1024K, 0% used [0x00000000d5a00000,0x00000000d5a00000,0x00000000d5b00000)
 ParOldGen       total 412160K, used 412051K [0x0000000080000000, 0x0000000099280000, 0x00000000d5580000)
  object space 412160K, 99% used [0x0000000080000000,0x0000000099264f78,0x0000000099280000)
 Metaspace       used 62462K, committed 63936K, reserved 1114112K
  class space    used 6694K, committed 7360K, reserved 1048576K
}
Event: 22.072 GC heap before
{Heap before GC invocations=1366 (full 4):
 PSYoungGen      total 4096K, used 4087K [0x00000000d5580000, 0x00000000d5b00000, 0x0000000100000000)
  eden space 2560K, 100% used [0x00000000d5580000,0x00000000d5800000,0x00000000d5800000)
  from space 1536K, 99% used [0x00000000d5880000,0x00000000d59fde10,0x00000000d5a00000)
  to   space 1024K, 0% used [0x00000000d5a00000,0x00000000d5a00000,0x00000000d5b00000)
 ParOldGen       total 412160K, used 412051K [0x0000000080000000, 0x0000000099280000, 0x00000000d5580000)
  object space 412160K, 99% used [0x0000000080000000,0x0000000099264f78,0x0000000099280000)
 Metaspace       used 62462K, committed 63936K, reserved 1114112K
  class space    used 6694K, committed 7360K, reserved 1048576K
}
Event: 22.074 GC heap after
{Heap after GC invocations=1366 (full 4):
 PSYoungGen      total 3584K, used 920K [0x00000000d5580000, 0x00000000d5c80000, 0x0000000100000000)
  eden space 2560K, 0% used [0x00000000d5580000,0x00000000d5580000,0x00000000d5800000)
  from space 1024K, 89% used [0x00000000d5a00000,0x00000000d5ae6228,0x00000000d5b00000)
  to   space 2048K, 0% used [0x00000000d5800000,0x00000000d5800000,0x00000000d5a00000)
 ParOldGen       total 413696K, used 413383K [0x0000000080000000, 0x0000000099400000, 0x00000000d5580000)
  object space 413696K, 99% used [0x0000000080000000,0x00000000993b1eb0,0x0000000099400000)
 Metaspace       used 62462K, committed 63936K, reserved 1114112K
  class space    used 6694K, committed 7360K, reserved 1048576K
}
Event: 22.150 GC heap before
{Heap before GC invocations=1367 (full 4):
 PSYoungGen      total 3584K, used 3480K [0x00000000d5580000, 0x00000000d5c80000, 0x0000000100000000)
  eden space 2560K, 100% used [0x00000000d5580000,0x00000000d5800000,0x00000000d5800000)
  from space 1024K, 89% used [0x00000000d5a00000,0x00000000d5ae6228,0x00000000d5b00000)
  to   space 2048K, 0% used [0x00000000d5800000,0x00000000d5800000,0x00000000d5a00000)
 ParOldGen       total 413696K, used 413383K [0x0000000080000000, 0x0000000099400000, 0x00000000d5580000)
  object space 413696K, 99% used [0x0000000080000000,0x00000000993b1eb0,0x0000000099400000)
 Metaspace       used 62660K, committed 64128K, reserved 1114112K
  class space    used 6708K, committed 7360K, reserved 1048576K
}
Event: 22.152 GC heap after
{Heap after GC invocations=1367 (full 4):
 PSYoungGen      total 3584K, used 733K [0x00000000d5580000, 0x00000000d5a80000, 0x0000000100000000)
  eden space 2560K, 0% used [0x00000000d5580000,0x00000000d5580000,0x00000000d5800000)
  from space 1024K, 71% used [0x00000000d5800000,0x00000000d58b7608,0x00000000d5900000)
  to   space 1024K, 0% used [0x00000000d5980000,0x00000000d5980000,0x00000000d5a80000)
 ParOldGen       total 414720K, used 414224K [0x0000000080000000, 0x0000000099500000, 0x00000000d5580000)
  object space 414720K, 99% used [0x0000000080000000,0x00000000994840d8,0x0000000099500000)
 Metaspace       used 62660K, committed 64128K, reserved 1114112K
  class space    used 6708K, committed 7360K, reserved 1048576K
}
Event: 22.155 GC heap before
{Heap before GC invocations=1368 (full 4):
 PSYoungGen      total 3584K, used 3293K [0x00000000d5580000, 0x00000000d5a80000, 0x0000000100000000)
  eden space 2560K, 100% used [0x00000000d5580000,0x00000000d5800000,0x00000000d5800000)
  from space 1024K, 71% used [0x00000000d5800000,0x00000000d58b7608,0x00000000d5900000)
  to   space 1024K, 0% used [0x00000000d5980000,0x00000000d5980000,0x00000000d5a80000)
 ParOldGen       total 414720K, used 414224K [0x0000000080000000, 0x0000000099500000, 0x00000000d5580000)
  object space 414720K, 99% used [0x0000000080000000,0x00000000994840d8,0x0000000099500000)
 Metaspace       used 62660K, committed 64128K, reserved 1114112K
  class space    used 6708K, committed 7360K, reserved 1048576K
}
Event: 22.157 GC heap after
{Heap after GC invocations=1368 (full 4):
 PSYoungGen      total 3584K, used 192K [0x00000000d5580000, 0x00000000d5a00000, 0x0000000100000000)
  eden space 3072K, 0% used [0x00000000d5580000,0x00000000d5580000,0x00000000d5880000)
  from space 512K, 37% used [0x00000000d5980000,0x00000000d59b0000,0x00000000d5a00000)
  to   space 512K, 0% used [0x00000000d5900000,0x00000000d5900000,0x00000000d5980000)
 ParOldGen       total 415232K, used 414834K [0x0000000080000000, 0x0000000099580000, 0x00000000d5580000)
  object space 415232K, 99% used [0x0000000080000000,0x000000009951cae8,0x0000000099580000)
 Metaspace       used 62660K, committed 64128K, reserved 1114112K
  class space    used 6708K, committed 7360K, reserved 1048576K
}
Event: 22.161 GC heap before
{Heap before GC invocations=1369 (full 4):
 PSYoungGen      total 3584K, used 3264K [0x00000000d5580000, 0x00000000d5a00000, 0x0000000100000000)
  eden space 3072K, 100% used [0x00000000d5580000,0x00000000d5880000,0x00000000d5880000)
  from space 512K, 37% used [0x00000000d5980000,0x00000000d59b0000,0x00000000d5a00000)
  to   space 512K, 0% used [0x00000000d5900000,0x00000000d5900000,0x00000000d5980000)
 ParOldGen       total 415232K, used 414834K [0x0000000080000000, 0x0000000099580000, 0x00000000d5580000)
  object space 415232K, 99% used [0x0000000080000000,0x000000009951cae8,0x0000000099580000)
 Metaspace       used 62660K, committed 64128K, reserved 1114112K
  class space    used 6708K, committed 7360K, reserved 1048576K
}
Event: 22.162 GC heap after
{Heap after GC invocations=1369 (full 4):
 PSYoungGen      total 4096K, used 288K [0x00000000d5580000, 0x00000000d5a80000, 0x0000000100000000)
  eden space 3584K, 0% used [0x00000000d5580000,0x00000000d5580000,0x00000000d5900000)
  from space 512K, 56% used [0x00000000d5900000,0x00000000d5948000,0x00000000d5980000)
  to   space 512K, 0% used [0x00000000d5a00000,0x00000000d5a00000,0x00000000d5a80000)
 ParOldGen       total 415232K, used 414914K [0x0000000080000000, 0x0000000099580000, 0x00000000d5580000)
  object space 415232K, 99% used [0x0000000080000000,0x0000000099530ae8,0x0000000099580000)
 Metaspace       used 62660K, committed 64128K, reserved 1114112K
  class space    used 6708K, committed 7360K, reserved 1048576K
}
Event: 22.168 GC heap before
{Heap before GC invocations=1370 (full 4):
 PSYoungGen      total 4096K, used 3872K [0x00000000d5580000, 0x00000000d5a80000, 0x0000000100000000)
  eden space 3584K, 100% used [0x00000000d5580000,0x00000000d5900000,0x00000000d5900000)
  from space 512K, 56% used [0x00000000d5900000,0x00000000d5948000,0x00000000d5980000)
  to   space 512K, 0% used [0x00000000d5a00000,0x00000000d5a00000,0x00000000d5a80000)
 ParOldGen       total 415232K, used 414914K [0x0000000080000000, 0x0000000099580000, 0x00000000d5580000)
  object space 415232K, 99% used [0x0000000080000000,0x0000000099530ae8,0x0000000099580000)
 Metaspace       used 62661K, committed 64128K, reserved 1114112K
  class space    used 6708K, committed 7360K, reserved 1048576K
}
Event: 22.170 GC heap after
{Heap after GC invocations=1370 (full 4):
 PSYoungGen      total 4096K, used 489K [0x00000000d5580000, 0x00000000d5c00000, 0x0000000100000000)
  eden space 3584K, 0% used [0x00000000d5580000,0x00000000d5580000,0x00000000d5900000)
  from space 512K, 95% used [0x00000000d5a00000,0x00000000d5a7a520,0x00000000d5a80000)
  to   space 1024K, 0% used [0x00000000d5900000,0x00000000d5900000,0x00000000d5a00000)
 ParOldGen       total 415232K, used 415050K [0x0000000080000000, 0x0000000099580000, 0x00000000d5580000)
  object space 415232K, 99% used [0x0000000080000000,0x0000000099552ae8,0x0000000099580000)
 Metaspace       used 62661K, committed 64128K, reserved 1114112K
  class space    used 6708K, committed 7360K, reserved 1048576K
}
Event: 22.174 GC heap before
{Heap before GC invocations=1371 (full 4):
 PSYoungGen      total 4096K, used 4073K [0x00000000d5580000, 0x00000000d5c00000, 0x0000000100000000)
  eden space 3584K, 100% used [0x00000000d5580000,0x00000000d5900000,0x00000000d5900000)
  from space 512K, 95% used [0x00000000d5a00000,0x00000000d5a7a520,0x00000000d5a80000)
  to   space 1024K, 0% used [0x00000000d5900000,0x00000000d5900000,0x00000000d5a00000)
 ParOldGen       total 415232K, used 415050K [0x0000000080000000, 0x0000000099580000, 0x00000000d5580000)
  object space 415232K, 99% used [0x0000000080000000,0x0000000099552ae8,0x0000000099580000)
 Metaspace       used 62661K, committed 64128K, reserved 1114112K
  class space    used 6708K, committed 7360K, reserved 1048576K
}
Event: 22.175 GC heap after
{Heap after GC invocations=1371 (full 4):
 PSYoungGen      total 4608K, used 192K [0x00000000d5580000, 0x00000000d5b00000, 0x0000000100000000)
  eden space 3584K, 0% used [0x00000000d5580000,0x00000000d5580000,0x00000000d5900000)
  from space 1024K, 18% used [0x00000000d5900000,0x00000000d5930000,0x00000000d5a00000)
  to   space 512K, 0% used [0x00000000d5a80000,0x00000000d5a80000,0x00000000d5b00000)
 ParOldGen       total 415744K, used 415461K [0x0000000080000000, 0x0000000099600000, 0x00000000d5580000)
  object space 415744K, 99% used [0x0000000080000000,0x00000000995b9668,0x0000000099600000)
 Metaspace       used 62661K, committed 64128K, reserved 1114112K
  class space    used 6708K, committed 7360K, reserved 1048576K
}

