# JRE version: OpenJDK Runtime Environment Temurin-21.0.8+9 (21.0.8+9) (build 21.0.8+9-LTS)
# Java VM: OpenJDK 64-Bit Server VM Temurin-21.0.8+9 (21.0.8+9-LTS, mixed mode, sharing, tiered, compressed oops, compressed class ptrs, parallel gc, windows-amd64)
GC Precious Log:
 CardTable entry size: 512
 CPUs: 12 total, 12 available
 Memory: 16052M
 Large Page Support: Disabled
 NUMA Support: Disabled
 Compressed Oops: Enabled (32-bit)
 Alignments: Space 512K, Generation 512K, Heap 2M
 Heap Min Capacity: 100M
 Heap Initial Capacity: 100M
 Heap Max Capacity: 2G
 Pre-touch: Disabled
 Parallel Workers: 10
Heap:
 PSYoungGen      total 5120K, used 4457K [0x00000000d5580000, 0x00000000d5b80000, 0x0000000100000000)
  eden space 4608K, 85% used [0x00000000d5580000,0x00000000d595a6b0,0x00000000d5a00000)
  from space 512K, 100% used [0x00000000d5b00000,0x00000000d5b80000,0x00000000d5b80000)
  to   space 512K, 0% used [0x00000000d5a80000,0x00000000d5a80000,0x00000000d5b00000)
 ParOldGen       total 501248K, used 500986K [0x0000000080000000, 0x000000009e980000, 0x00000000d5580000)
  object space 501248K, 99% used [0x0000000080000000,0x000000009e93e868,0x000000009e980000)
 Metaspace       used 62702K, committed 64128K, reserved 1114112K
  class space    used 6725K, committed 7296K, reserved 1048576K
GC Heap History (20 events):
Event: 14.271 GC heap before
{Heap before GC invocations=760 (full 3):
 PSYoungGen      total 5632K, used 5087K [0x00000000d5580000, 0x00000000d5c00000, 0x0000000100000000)
  eden space 4608K, 100% used [0x00000000d5580000,0x00000000d5a00000,0x00000000d5a00000)
  from space 1024K, 46% used [0x00000000d5b00000,0x00000000d5b77cc8,0x00000000d5c00000)
  to   space 1024K, 0% used [0x00000000d5a00000,0x00000000d5a00000,0x00000000d5b00000)
 ParOldGen       total 496128K, used 495983K [0x0000000080000000, 0x000000009e480000, 0x00000000d5580000)
  object space 496128K, 99% used [0x0000000080000000,0x000000009e45bc68,0x000000009e480000)
 Metaspace       used 62528K, committed 63936K, reserved 1114112K
  class space    used 6707K, committed 7296K, reserved 1048576K
}
Event: 14.272 GC heap after
{Heap after GC invocations=760 (full 3):
 PSYoungGen      total 5632K, used 449K [0x00000000d5580000, 0x00000000d5b80000, 0x0000000100000000)
  eden space 4608K, 0% used [0x00000000d5580000,0x00000000d5580000,0x00000000d5a00000)
  from space 1024K, 43% used [0x00000000d5a00000,0x00000000d5a70410,0x00000000d5b00000)
  to   space 512K, 0% used [0x00000000d5b00000,0x00000000d5b00000,0x00000000d5b80000)
 ParOldGen       total 496640K, used 496240K [0x0000000080000000, 0x000000009e500000, 0x00000000d5580000)
  object space 496640K, 99% used [0x0000000080000000,0x000000009e49c0b0,0x000000009e500000)
 Metaspace       used 62528K, committed 63936K, reserved 1114112K
  class space    used 6707K, committed 7296K, reserved 1048576K
}
Event: 14.279 GC heap before
{Heap before GC invocations=761 (full 3):
 PSYoungGen      total 5632K, used 5057K [0x00000000d5580000, 0x00000000d5b80000, 0x0000000100000000)
  eden space 4608K, 100% used [0x00000000d5580000,0x00000000d5a00000,0x00000000d5a00000)
  from space 1024K, 43% used [0x00000000d5a00000,0x00000000d5a70410,0x00000000d5b00000)
  to   space 512K, 0% used [0x00000000d5b00000,0x00000000d5b00000,0x00000000d5b80000)
 ParOldGen       total 496640K, used 496240K [0x0000000080000000, 0x000000009e500000, 0x00000000d5580000)
  object space 496640K, 99% used [0x0000000080000000,0x000000009e49c0b0,0x000000009e500000)
 Metaspace       used 62534K, committed 63936K, reserved 1114112K
  class space    used 6707K, committed 7296K, reserved 1048576K
}
Event: 14.280 GC heap after
{Heap after GC invocations=761 (full 3):
 PSYoungGen      total 5120K, used 421K [0x00000000d5580000, 0x00000000d5b80000, 0x0000000100000000)
  eden space 4608K, 0% used [0x00000000d5580000,0x00000000d5580000,0x00000000d5a00000)
  from space 512K, 82% used [0x00000000d5b00000,0x00000000d5b697f8,0x00000000d5b80000)
  to   space 512K, 0% used [0x00000000d5a80000,0x00000000d5a80000,0x00000000d5b00000)
 ParOldGen       total 496640K, used 496534K [0x0000000080000000, 0x000000009e500000, 0x00000000d5580000)
  object space 496640K, 99% used [0x0000000080000000,0x000000009e4e5870,0x000000009e500000)
 Metaspace       used 62534K, committed 63936K, reserved 1114112K
  class space    used 6707K, committed 7296K, reserved 1048576K
}
Event: 14.287 GC heap before
{Heap before GC invocations=762 (full 3):
 PSYoungGen      total 5120K, used 5029K [0x00000000d5580000, 0x00000000d5b80000, 0x0000000100000000)
  eden space 4608K, 100% used [0x00000000d5580000,0x00000000d5a00000,0x00000000d5a00000)
  from space 512K, 82% used [0x00000000d5b00000,0x00000000d5b697f8,0x00000000d5b80000)
  to   space 512K, 0% used [0x00000000d5a80000,0x00000000d5a80000,0x00000000d5b00000)
 ParOldGen       total 496640K, used 496534K [0x0000000080000000, 0x000000009e500000, 0x00000000d5580000)
  object space 496640K, 99% used [0x0000000080000000,0x000000009e4e5870,0x000000009e500000)
 Metaspace       used 62539K, committed 63936K, reserved 1114112K
  class space    used 6707K, committed 7296K, reserved 1048576K
}
Event: 14.289 GC heap after
{Heap after GC invocations=762 (full 3):
 PSYoungGen      total 5120K, used 501K [0x00000000d5580000, 0x00000000d5c00000, 0x0000000100000000)
  eden space 4608K, 0% used [0x00000000d5580000,0x00000000d5580000,0x00000000d5a00000)
  from space 512K, 97% used [0x00000000d5a80000,0x00000000d5afd700,0x00000000d5b00000)
  to   space 1024K, 0% used [0x00000000d5b00000,0x00000000d5b00000,0x00000000d5c00000)
 ParOldGen       total 497152K, used 496847K [0x0000000080000000, 0x000000009e580000, 0x00000000d5580000)
  object space 497152K, 99% used [0x0000000080000000,0x000000009e533d68,0x000000009e580000)
 Metaspace       used 62539K, committed 63936K, reserved 1114112K
  class space    used 6707K, committed 7296K, reserved 1048576K
}
Event: 14.298 GC heap before
{Heap before GC invocations=763 (full 3):
 PSYoungGen      total 5120K, used 5109K [0x00000000d5580000, 0x00000000d5c00000, 0x0000000100000000)
  eden space 4608K, 100% used [0x00000000d5580000,0x00000000d5a00000,0x00000000d5a00000)
  from space 512K, 97% used [0x00000000d5a80000,0x00000000d5afd700,0x00000000d5b00000)
  to   space 1024K, 0% used [0x00000000d5b00000,0x00000000d5b00000,0x00000000d5c00000)
 ParOldGen       total 497152K, used 496847K [0x0000000080000000, 0x000000009e580000, 0x00000000d5580000)
  object space 497152K, 99% used [0x0000000080000000,0x000000009e533d68,0x000000009e580000)
 Metaspace       used 62546K, committed 63936K, reserved 1114112K
  class space    used 6707K, committed 7296K, reserved 1048576K
}
Event: 14.299 GC heap after
{Heap after GC invocations=763 (full 3):
 PSYoungGen      total 5632K, used 876K [0x00000000d5580000, 0x00000000d5c00000, 0x0000000100000000)
  eden space 4608K, 0% used [0x00000000d5580000,0x00000000d5580000,0x00000000d5a00000)
  from space 1024K, 85% used [0x00000000d5b00000,0x00000000d5bdb190,0x00000000d5c00000)
  to   space 1024K, 0% used [0x00000000d5a00000,0x00000000d5a00000,0x00000000d5b00000)
 ParOldGen       total 497664K, used 497276K [0x0000000080000000, 0x000000009e600000, 0x00000000d5580000)
  object space 497664K, 99% used [0x0000000080000000,0x000000009e59f018,0x000000009e600000)
 Metaspace       used 62546K, committed 63936K, reserved 1114112K
  class space    used 6707K, committed 7296K, reserved 1048576K
}
Event: 14.309 GC heap before
{Heap before GC invocations=764 (full 3):
 PSYoungGen      total 5632K, used 5484K [0x00000000d5580000, 0x00000000d5c00000, 0x0000000100000000)
  eden space 4608K, 100% used [0x00000000d5580000,0x00000000d5a00000,0x00000000d5a00000)
  from space 1024K, 85% used [0x00000000d5b00000,0x00000000d5bdb190,0x00000000d5c00000)
  to   space 1024K, 0% used [0x00000000d5a00000,0x00000000d5a00000,0x00000000d5b00000)
 ParOldGen       total 497664K, used 497276K [0x0000000080000000, 0x000000009e600000, 0x00000000d5580000)
  object space 497664K, 99% used [0x0000000080000000,0x000000009e59f018,0x000000009e600000)
 Metaspace       used 62546K, committed 63936K, reserved 1114112K
  class space    used 6707K, committed 7296K, reserved 1048576K
}
Event: 14.311 GC heap after
{Heap after GC invocations=764 (full 3):
 PSYoungGen      total 5632K, used 482K [0x00000000d5580000, 0x00000000d5c00000, 0x0000000100000000)
  eden space 4608K, 0% used [0x00000000d5580000,0x00000000d5580000,0x00000000d5a00000)
  from space 1024K, 47% used [0x00000000d5a00000,0x00000000d5a788b0,0x00000000d5b00000)
  to   space 1024K, 0% used [0x00000000d5b00000,0x00000000d5b00000,0x00000000d5c00000)
 ParOldGen       total 498176K, used 497980K [0x0000000080000000, 0x000000009e680000, 0x00000000d5580000)
  object space 498176K, 99% used [0x0000000080000000,0x000000009e64f340,0x000000009e680000)
 Metaspace       used 62546K, committed 63936K, reserved 1114112K
  class space    used 6707K, committed 7296K, reserved 1048576K
}
Event: 14.321 GC heap before
{Heap before GC invocations=765 (full 3):
 PSYoungGen      total 5632K, used 5090K [0x00000000d5580000, 0x00000000d5c00000, 0x0000000100000000)
  eden space 4608K, 100% used [0x00000000d5580000,0x00000000d5a00000,0x00000000d5a00000)
  from space 1024K, 47% used [0x00000000d5a00000,0x00000000d5a788b0,0x00000000d5b00000)
  to   space 1024K, 0% used [0x00000000d5b00000,0x00000000d5b00000,0x00000000d5c00000)
 ParOldGen       total 498176K, used 497980K [0x0000000080000000, 0x000000009e680000, 0x00000000d5580000)
  object space 498176K, 99% used [0x0000000080000000,0x000000009e64f340,0x000000009e680000)
 Metaspace       used 62550K, committed 63936K, reserved 1114112K
  class space    used 6707K, committed 7296K, reserved 1048576K
}
Event: 14.322 GC heap after
{Heap after GC invocations=765 (full 3):
 PSYoungGen      total 5120K, used 447K [0x00000000d5580000, 0x00000000d5b80000, 0x0000000100000000)
  eden space 4608K, 0% used [0x00000000d5580000,0x00000000d5580000,0x00000000d5a00000)
  from space 512K, 87% used [0x00000000d5b00000,0x00000000d5b6ffa0,0x00000000d5b80000)
  to   space 512K, 0% used [0x00000000d5a80000,0x00000000d5a80000,0x00000000d5b00000)
 ParOldGen       total 498688K, used 498219K [0x0000000080000000, 0x000000009e700000, 0x00000000d5580000)
  object space 498688K, 99% used [0x0000000080000000,0x000000009e68ade0,0x000000009e700000)
 Metaspace       used 62550K, committed 63936K, reserved 1114112K
  class space    used 6707K, committed 7296K, reserved 1048576K
}
Event: 14.333 GC heap before
{Heap before GC invocations=766 (full 3):
 PSYoungGen      total 5120K, used 5055K [0x00000000d5580000, 0x00000000d5b80000, 0x0000000100000000)
  eden space 4608K, 100% used [0x00000000d5580000,0x00000000d5a00000,0x00000000d5a00000)
  from space 512K, 87% used [0x00000000d5b00000,0x00000000d5b6ffa0,0x00000000d5b80000)
  to   space 512K, 0% used [0x00000000d5a80000,0x00000000d5a80000,0x00000000d5b00000)
 ParOldGen       total 498688K, used 498219K [0x0000000080000000, 0x000000009e700000, 0x00000000d5580000)
  object space 498688K, 99% used [0x0000000080000000,0x000000009e68ade0,0x000000009e700000)
 Metaspace       used 62551K, committed 63936K, reserved 1114112K
  class space    used 6707K, committed 7296K, reserved 1048576K
}
Event: 14.334 GC heap after
{Heap after GC invocations=766 (full 3):
 PSYoungGen      total 5120K, used 475K [0x00000000d5580000, 0x00000000d5b80000, 0x0000000100000000)
  eden space 4608K, 0% used [0x00000000d5580000,0x00000000d5580000,0x00000000d5a00000)
  from space 512K, 92% used [0x00000000d5a80000,0x00000000d5af6db8,0x00000000d5b00000)
  to   space 512K, 0% used [0x00000000d5b00000,0x00000000d5b00000,0x00000000d5b80000)
 ParOldGen       total 498688K, used 498499K [0x0000000080000000, 0x000000009e700000, 0x00000000d5580000)
  object space 498688K, 99% used [0x0000000080000000,0x000000009e6d0d10,0x000000009e700000)
 Metaspace       used 62551K, committed 63936K, reserved 1114112K
  class space    used 6707K, committed 7296K, reserved 1048576K
}
Event: 14.340 GC heap before
{Heap before GC invocations=767 (full 3):
 PSYoungGen      total 5120K, used 5083K [0x00000000d5580000, 0x00000000d5b80000, 0x0000000100000000)
  eden space 4608K, 100% used [0x00000000d5580000,0x00000000d5a00000,0x00000000d5a00000)
  from space 512K, 92% used [0x00000000d5a80000,0x00000000d5af6db8,0x00000000d5b00000)
  to   space 512K, 0% used [0x00000000d5b00000,0x00000000d5b00000,0x00000000d5b80000)
 ParOldGen       total 498688K, used 498499K [0x0000000080000000, 0x000000009e700000, 0x00000000d5580000)
  object space 498688K, 99% used [0x0000000080000000,0x000000009e6d0d10,0x000000009e700000)
 Metaspace       used 62551K, committed 63936K, reserved 1114112K
  class space    used 6707K, committed 7296K, reserved 1048576K
}
Event: 14.341 GC heap after
{Heap after GC invocations=767 (full 3):
 PSYoungGen      total 5120K, used 383K [0x00000000d5580000, 0x00000000d5b80000, 0x0000000100000000)
  eden space 4608K, 0% used [0x00000000d5580000,0x00000000d5580000,0x00000000d5a00000)
  from space 512K, 74% used [0x00000000d5b00000,0x00000000d5b5ff00,0x00000000d5b80000)
  to   space 512K, 0% used [0x00000000d5a80000,0x00000000d5a80000,0x00000000d5b00000)
 ParOldGen       total 499200K, used 498838K [0x0000000080000000, 0x000000009e780000, 0x00000000d5580000)
  object space 499200K, 99% used [0x0000000080000000,0x000000009e725a28,0x000000009e780000)
 Metaspace       used 62551K, committed 63936K, reserved 1114112K
  class space    used 6707K, committed 7296K, reserved 1048576K
}
Event: 14.358 GC heap before
{Heap before GC invocations=768 (full 3):
 PSYoungGen      total 5120K, used 4991K [0x00000000d5580000, 0x00000000d5b80000, 0x0000000100000000)
  eden space 4608K, 100% used [0x00000000d5580000,0x00000000d5a00000,0x00000000d5a00000)
  from space 512K, 74% used [0x00000000d5b00000,0x00000000d5b5ff00,0x00000000d5b80000)
  to   space 512K, 0% used [0x00000000d5a80000,0x00000000d5a80000,0x00000000d5b00000)
 ParOldGen       total 499200K, used 498838K [0x0000000080000000, 0x000000009e780000, 0x00000000d5580000)
  object space 499200K, 99% used [0x0000000080000000,0x000000009e725a28,0x000000009e780000)
 Metaspace       used 62610K, committed 64064K, reserved 1114112K
  class space    used 6713K, committed 7296K, reserved 1048576K
}
Event: 14.360 GC heap after
{Heap after GC invocations=768 (full 3):
 PSYoungGen      total 5120K, used 416K [0x00000000d5580000, 0x00000000d5b80000, 0x0000000100000000)
  eden space 4608K, 0% used [0x00000000d5580000,0x00000000d5580000,0x00000000d5a00000)
  from space 512K, 81% used [0x00000000d5a80000,0x00000000d5ae8000,0x00000000d5b00000)
  to   space 512K, 0% used [0x00000000d5b00000,0x00000000d5b00000,0x00000000d5b80000)
 ParOldGen       total 499200K, used 499077K [0x0000000080000000, 0x000000009e780000, 0x00000000d5580000)
  object space 499200K, 99% used [0x0000000080000000,0x000000009e761438,0x000000009e780000)
 Metaspace       used 62610K, committed 64064K, reserved 1114112K
  class space    used 6713K, committed 7296K, reserved 1048576K
}
Event: 14.423 GC heap before
{Heap before GC invocations=769 (full 3):
 PSYoungGen      total 5120K, used 5024K [0x00000000d5580000, 0x00000000d5b80000, 0x0000000100000000)
  eden space 4608K, 100% used [0x00000000d5580000,0x00000000d5a00000,0x00000000d5a00000)
  from space 512K, 81% used [0x00000000d5a80000,0x00000000d5ae8000,0x00000000d5b00000)
  to   space 512K, 0% used [0x00000000d5b00000,0x00000000d5b00000,0x00000000d5b80000)
 ParOldGen       total 499200K, used 499077K [0x0000000080000000, 0x000000009e780000, 0x00000000d5580000)
  object space 499200K, 99% used [0x0000000080000000,0x000000009e761438,0x000000009e780000)
 Metaspace       used 62694K, committed 64128K, reserved 1114112K
  class space    used 6724K, committed 7296K, reserved 1048576K
}
Event: 14.425 GC heap after
{Heap after GC invocations=769 (full 3):
 PSYoungGen      total 5120K, used 512K [0x00000000d5580000, 0x00000000d5b80000, 0x0000000100000000)
  eden space 4608K, 0% used [0x00000000d5580000,0x00000000d5580000,0x00000000d5a00000)
  from space 512K, 100% used [0x00000000d5b00000,0x00000000d5b80000,0x00000000d5b80000)
  to   space 512K, 0% used [0x00000000d5a80000,0x00000000d5a80000,0x00000000d5b00000)
 ParOldGen       total 501248K, used 500986K [0x0000000080000000, 0x000000009e980000, 0x00000000d5580000)
  object space 501248K, 99% used [0x0000000080000000,0x000000009e93e868,0x000000009e980000)
 Metaspace       used 62694K, committed 64128K, reserved 1114112K
  class space    used 6724K, committed 7296K, reserved 1048576K
}

